Performing C SOURCE FILE Test CMAKE_HAVE_LIBC_PTHREAD failed with the following output:
Change Dir: /home/miguel/Desktop/FACULDADE/CAL/P1/cal_fp01_CLion/cmake-build-debug/CMakeFiles/CMakeTmp

Run Build Command(s):/usr/bin/make cmTC_39dfb/fast && /usr/bin/make  -f CMakeFiles/cmTC_39dfb.dir/build.make CMakeFiles/cmTC_39dfb.dir/build
make[1]: Entering directory '/home/miguel/Desktop/FACULDADE/CAL/P1/cal_fp01_CLion/cmake-build-debug/CMakeFiles/CMakeTmp'
Building C object CMakeFiles/cmTC_39dfb.dir/src.c.o
/usr/bin/cc   -DCMAKE_HAVE_LIBC_PTHREAD   -o CMakeFiles/cmTC_39dfb.dir/src.c.o   -c /home/miguel/Desktop/FACULDADE/CAL/P1/cal_fp01_CLion/cmake-build-debug/CMakeFiles/CMakeTmp/src.c
Linking C executable cmTC_39dfb
/snap/clion/139/bin/cmake/linux/bin/cmake -E cmake_link_script CMakeFiles/cmTC_39dfb.dir/link.txt --verbose=1
/usr/bin/cc  -DCMAKE_HAVE_LIBC_PTHREAD    -rdynamic CMakeFiles/cmTC_39dfb.dir/src.c.o  -o cmTC_39dfb 
/usr/bin/ld: CMakeFiles/cmTC_39dfb.dir/src.c.o: in function `main':
src.c:(.text+0x46): undefined reference to `pthread_create'
/usr/bin/ld: src.c:(.text+0x52): undefined reference to `pthread_detach'
/usr/bin/ld: src.c:(.text+0x5e): undefined reference to `pthread_cancel'
/usr/bin/ld: src.c:(.text+0x6f): undefined reference to `pthread_join'
collect2: error: ld returned 1 exit status
make[1]: *** [CMakeFiles/cmTC_39dfb.dir/build.make:107: cmTC_39dfb] Error 1
make[1]: Leaving directory '/home/miguel/Desktop/FACULDADE/CAL/P1/cal_fp01_CLion/cmake-build-debug/CMakeFiles/CMakeTmp'
make: *** [Makefile:141: cmTC_39dfb/fast] Error 2


Source file was:
#include <pthread.h>

void* test_func(void* data)
{
  return data;
}

int main(void)
{
  pthread_t thread;
  pthread_create(&thread, NULL, test_func, NULL);
  pthread_detach(thread);
  pthread_cancel(thread);
  pthread_join(thread, NULL);
  pthread_atfork(NULL, NULL, NULL);
  pthread_exit(NULL);

  return 0;
}

Determining if the function pthread_create exists in the pthreads failed with the following output:
Change Dir: /home/miguel/Desktop/FACULDADE/CAL/P1/cal_fp01_CLion/cmake-build-debug/CMakeFiles/CMakeTmp

Run Build Command(s):/usr/bin/make cmTC_14897/fast && /usr/bin/make  -f CMakeFiles/cmTC_14897.dir/build.make CMakeFiles/cmTC_14897.dir/build
make[1]: Entering directory '/home/miguel/Desktop/FACULDADE/CAL/P1/cal_fp01_CLion/cmake-build-debug/CMakeFiles/CMakeTmp'
Building C object CMakeFiles/cmTC_14897.dir/CheckFunctionExists.c.o
/usr/bin/cc   -DCHECK_FUNCTION_EXISTS=pthread_create   -o CMakeFiles/cmTC_14897.dir/CheckFunctionExists.c.o   -c /snap/clion/139/bin/cmake/linux/share/cmake-3.17/Modules/CheckFunctionExists.c
Linking C executable cmTC_14897
/snap/clion/139/bin/cmake/linux/bin/cmake -E cmake_link_script CMakeFiles/cmTC_14897.dir/link.txt --verbose=1
/usr/bin/cc  -DCHECK_FUNCTION_EXISTS=pthread_create    -rdynamic CMakeFiles/cmTC_14897.dir/CheckFunctionExists.c.o  -o cmTC_14897  -lpthreads 
/usr/bin/ld: cannot find -lpthreads
collect2: error: ld returned 1 exit status
make[1]: *** [CMakeFiles/cmTC_14897.dir/build.make:107: cmTC_14897] Error 1
make[1]: Leaving directory '/home/miguel/Desktop/FACULDADE/CAL/P1/cal_fp01_CLion/cmake-build-debug/CMakeFiles/CMakeTmp'
make: *** [Makefile:141: cmTC_14897/fast] Error 2



Performing C SOURCE FILE Test CMAKE_HAVE_LIBC_PTHREAD failed with the following output:
Change Dir: /home/miguel/Desktop/FACULDADE/CAL/P1/cal_fp01_CLion/cmake-build-debug/CMakeFiles/CMakeTmp

Run Build Command(s):/usr/bin/make cmTC_b8bad/fast && /usr/bin/make  -f CMakeFiles/cmTC_b8bad.dir/build.make CMakeFiles/cmTC_b8bad.dir/build
make[1]: Entering directory '/home/miguel/Desktop/FACULDADE/CAL/P1/cal_fp01_CLion/cmake-build-debug/CMakeFiles/CMakeTmp'
Building C object CMakeFiles/cmTC_b8bad.dir/src.c.o
/usr/bin/cc   -DCMAKE_HAVE_LIBC_PTHREAD   -o CMakeFiles/cmTC_b8bad.dir/src.c.o   -c /home/miguel/Desktop/FACULDADE/CAL/P1/cal_fp01_CLion/cmake-build-debug/CMakeFiles/CMakeTmp/src.c
Linking C executable cmTC_b8bad
/snap/clion/145/bin/cmake/linux/bin/cmake -E cmake_link_script CMakeFiles/cmTC_b8bad.dir/link.txt --verbose=1
/usr/bin/cc  -DCMAKE_HAVE_LIBC_PTHREAD    -rdynamic CMakeFiles/cmTC_b8bad.dir/src.c.o  -o cmTC_b8bad 
/usr/bin/ld: CMakeFiles/cmTC_b8bad.dir/src.c.o: in function `main':
src.c:(.text+0x46): undefined reference to `pthread_create'
/usr/bin/ld: src.c:(.text+0x52): undefined reference to `pthread_detach'
/usr/bin/ld: src.c:(.text+0x5e): undefined reference to `pthread_cancel'
/usr/bin/ld: src.c:(.text+0x6f): undefined reference to `pthread_join'
collect2: error: ld returned 1 exit status
make[1]: *** [CMakeFiles/cmTC_b8bad.dir/build.make:107: cmTC_b8bad] Error 1
make[1]: Leaving directory '/home/miguel/Desktop/FACULDADE/CAL/P1/cal_fp01_CLion/cmake-build-debug/CMakeFiles/CMakeTmp'
make: *** [Makefile:141: cmTC_b8bad/fast] Error 2


Source file was:
#include <pthread.h>

void* test_func(void* data)
{
  return data;
}

int main(void)
{
  pthread_t thread;
  pthread_create(&thread, NULL, test_func, NULL);
  pthread_detach(thread);
  pthread_cancel(thread);
  pthread_join(thread, NULL);
  pthread_atfork(NULL, NULL, NULL);
  pthread_exit(NULL);

  return 0;
}

Determining if the function pthread_create exists in the pthreads failed with the following output:
Change Dir: /home/miguel/Desktop/FACULDADE/CAL/P1/cal_fp01_CLion/cmake-build-debug/CMakeFiles/CMakeTmp

Run Build Command(s):/usr/bin/make cmTC_d2b24/fast && /usr/bin/make  -f CMakeFiles/cmTC_d2b24.dir/build.make CMakeFiles/cmTC_d2b24.dir/build
make[1]: Entering directory '/home/miguel/Desktop/FACULDADE/CAL/P1/cal_fp01_CLion/cmake-build-debug/CMakeFiles/CMakeTmp'
Building C object CMakeFiles/cmTC_d2b24.dir/CheckFunctionExists.c.o
/usr/bin/cc   -DCHECK_FUNCTION_EXISTS=pthread_create   -o CMakeFiles/cmTC_d2b24.dir/CheckFunctionExists.c.o   -c /snap/clion/145/bin/cmake/linux/share/cmake-3.17/Modules/CheckFunctionExists.c
Linking C executable cmTC_d2b24
/snap/clion/145/bin/cmake/linux/bin/cmake -E cmake_link_script CMakeFiles/cmTC_d2b24.dir/link.txt --verbose=1
/usr/bin/cc  -DCHECK_FUNCTION_EXISTS=pthread_create    -rdynamic CMakeFiles/cmTC_d2b24.dir/CheckFunctionExists.c.o  -o cmTC_d2b24  -lpthreads 
/usr/bin/ld: cannot find -lpthreads
collect2: error: ld returned 1 exit status
make[1]: *** [CMakeFiles/cmTC_d2b24.dir/build.make:107: cmTC_d2b24] Error 1
make[1]: Leaving directory '/home/miguel/Desktop/FACULDADE/CAL/P1/cal_fp01_CLion/cmake-build-debug/CMakeFiles/CMakeTmp'
make: *** [Makefile:141: cmTC_d2b24/fast] Error 2



