Performing C SOURCE FILE Test CMAKE_HAVE_LIBC_PTHREAD failed with the following output:
Change Dir: /home/miguel/Desktop/FACULDADE/CAL/Praticas/cmake-build-debug/CMakeFiles/CMakeTmp

Run Build Command(s):/usr/bin/make cmTC_73cb0/fast && /usr/bin/make  -f CMakeFiles/cmTC_73cb0.dir/build.make CMakeFiles/cmTC_73cb0.dir/build
make[1]: Entering directory '/home/miguel/Desktop/FACULDADE/CAL/Praticas/cmake-build-debug/CMakeFiles/CMakeTmp'
Building C object CMakeFiles/cmTC_73cb0.dir/src.c.o
/usr/bin/cc -DCMAKE_HAVE_LIBC_PTHREAD   -o CMakeFiles/cmTC_73cb0.dir/src.c.o -c /home/miguel/Desktop/FACULDADE/CAL/Praticas/cmake-build-debug/CMakeFiles/CMakeTmp/src.c
Linking C executable cmTC_73cb0
/snap/clion/151/bin/cmake/linux/bin/cmake -E cmake_link_script CMakeFiles/cmTC_73cb0.dir/link.txt --verbose=1
/usr/bin/cc -rdynamic CMakeFiles/cmTC_73cb0.dir/src.c.o -o cmTC_73cb0 
/usr/bin/ld: CMakeFiles/cmTC_73cb0.dir/src.c.o: in function `main':
src.c:(.text+0x46): undefined reference to `pthread_create'
/usr/bin/ld: src.c:(.text+0x52): undefined reference to `pthread_detach'
/usr/bin/ld: src.c:(.text+0x5e): undefined reference to `pthread_cancel'
/usr/bin/ld: src.c:(.text+0x6f): undefined reference to `pthread_join'
collect2: error: ld returned 1 exit status
make[1]: *** [CMakeFiles/cmTC_73cb0.dir/build.make:106: cmTC_73cb0] Error 1
make[1]: Leaving directory '/home/miguel/Desktop/FACULDADE/CAL/Praticas/cmake-build-debug/CMakeFiles/CMakeTmp'
make: *** [Makefile:140: cmTC_73cb0/fast] Error 2


Source file was:
#include <pthread.h>

static void* test_func(void* data)
{
  return data;
}

int main(void)
{
  pthread_t thread;
  pthread_create(&thread, NULL, test_func, NULL);
  pthread_detach(thread);
  pthread_cancel(thread);
  pthread_join(thread, NULL);
  pthread_atfork(NULL, NULL, NULL);
  pthread_exit(NULL);

  return 0;
}

Determining if the function pthread_create exists in the pthreads failed with the following output:
Change Dir: /home/miguel/Desktop/FACULDADE/CAL/Praticas/cmake-build-debug/CMakeFiles/CMakeTmp

Run Build Command(s):/usr/bin/make cmTC_1e554/fast && /usr/bin/make  -f CMakeFiles/cmTC_1e554.dir/build.make CMakeFiles/cmTC_1e554.dir/build
make[1]: Entering directory '/home/miguel/Desktop/FACULDADE/CAL/Praticas/cmake-build-debug/CMakeFiles/CMakeTmp'
Building C object CMakeFiles/cmTC_1e554.dir/CheckFunctionExists.c.o
/usr/bin/cc   -DCHECK_FUNCTION_EXISTS=pthread_create -o CMakeFiles/cmTC_1e554.dir/CheckFunctionExists.c.o -c /snap/clion/151/bin/cmake/linux/share/cmake-3.19/Modules/CheckFunctionExists.c
Linking C executable cmTC_1e554
/snap/clion/151/bin/cmake/linux/bin/cmake -E cmake_link_script CMakeFiles/cmTC_1e554.dir/link.txt --verbose=1
/usr/bin/cc  -DCHECK_FUNCTION_EXISTS=pthread_create -rdynamic CMakeFiles/cmTC_1e554.dir/CheckFunctionExists.c.o -o cmTC_1e554  -lpthreads 
/usr/bin/ld: cannot find -lpthreads
collect2: error: ld returned 1 exit status
make[1]: *** [CMakeFiles/cmTC_1e554.dir/build.make:106: cmTC_1e554] Error 1
make[1]: Leaving directory '/home/miguel/Desktop/FACULDADE/CAL/Praticas/cmake-build-debug/CMakeFiles/CMakeTmp'
make: *** [Makefile:140: cmTC_1e554/fast] Error 2



